2022-08-28 21:01:19.467  INFO 7960 --- [restartedMain] com.app.bank_acquiring.MainApplication   : Starting MainApplication on DESKTOP-NO7MV1T with PID 7960 (started by pablo in C:\Users\pablo\IdeaProjects\Bank API)
2022-08-28 21:01:19.479  INFO 7960 --- [restartedMain] com.app.bank_acquiring.MainApplication   : No active profile set, falling back to default profiles: default
2022-08-28 21:01:19.992  INFO 7960 --- [restartedMain] .e.DevToolsPropertyDefaultsPostProcessor : Devtools property defaults active! Set 'spring.devtools.add-properties' to 'false' to disable
2022-08-28 21:01:20.142  INFO 7960 --- [restartedMain] .e.DevToolsPropertyDefaultsPostProcessor : For additional web related logging consider setting the 'logging.level.web' property to 'DEBUG'
2022-08-28 21:01:23.336  INFO 7960 --- [restartedMain] .s.d.r.c.RepositoryConfigurationDelegate : Bootstrapping Spring Data repositories in DEFAULT mode.
2022-08-28 21:01:23.579  INFO 7960 --- [restartedMain] .s.d.r.c.RepositoryConfigurationDelegate : Finished Spring Data repository scanning in 227ms. Found 7 repository interfaces.
2022-08-28 21:01:24.590  INFO 7960 --- [restartedMain] trationDelegate$BeanPostProcessorChecker : Bean 'org.springframework.transaction.annotation.ProxyTransactionManagementConfiguration' of type [org.springframework.transaction.annotation.ProxyTransactionManagementConfiguration$$EnhancerBySpringCGLIB$$551377f8] is not eligible for getting processed by all BeanPostProcessors (for example: not eligible for auto-proxying)
2022-08-28 21:01:25.813  INFO 7960 --- [restartedMain] o.s.b.w.embedded.tomcat.TomcatWebServer  : Tomcat initialized with port(s): 8080 (http)
2022-08-28 21:01:25.878  INFO 7960 --- [restartedMain] o.apache.catalina.core.StandardService   : Starting service [Tomcat]
2022-08-28 21:01:25.882  INFO 7960 --- [restartedMain] org.apache.catalina.core.StandardEngine  : Starting Servlet engine: [Apache Tomcat/9.0.16]
2022-08-28 21:01:25.965  INFO 7960 --- [restartedMain] o.a.catalina.core.AprLifecycleListener   : The APR based Apache Tomcat Native library which allows optimal performance in production environments was not found on the java.library.path: [C:\Program Files\Java\jdk-17.0.1\bin;C:\Windows\Sun\Java\bin;C:\Windows\system32;C:\Windows;C:\Program Files\Common Files\Oracle\Java\javapath;C:\Windows\system32;C:\Windows;C:\Windows\System32\Wbem;C:\Windows\System32\WindowsPowerShell\v1.0\;C:\Windows\System32\OpenSSH\;C:\Program Files\Java\jdk-17.0.1\bin;C:\Program Files\Git\cmd;C:\Program Files\apache-maven-3.8.4\bin\;C:\Program Files\Microsoft Visual Studio\2022\Community\VC\Tools\MSVC\14.29.30133\bin\HostX64\x64\;;C:\Program Files\Docker\Docker\resources\bin;C:\ProgramData\DockerDesktop\version-bin;C:\Program Files\Common Files\Oracle\Java\javapath;C:\Windows\system32;C:\Windows;C:\Windows\System32\Wbem;C:\Windows\System32\WindowsPowerShell\v1.0\;C:\Windows\System32\OpenSSH\;C:\Program Files\Java\jdk-17.0.1\bin;C:\Program Files\Git\cmd;C:\Program Files\apache-maven-3.8.4\bin\;C:\Program Files\Microsoft Visual Studio\2022\Community\VC\Tools\MSVC\14.29.30133\bin\HostX64\x64\;;C:\Program Files\Docker\Docker\resources\bin;C:\ProgramData\DockerDesktop\version-bin;C:\Users\pablo\AppData\Local\Microsoft\WindowsApps;D:\Program Files\mongosh\;D:\Program Files\heroku\bin;C:\Program Files\heroku\bin;C:\Program Files\cses-cli;C:\Program Files\cses-cli;.]
2022-08-28 21:01:26.335  INFO 7960 --- [restartedMain] o.a.c.c.C.[Tomcat].[localhost].[/]       : Initializing Spring embedded WebApplicationContext
2022-08-28 21:01:26.337  INFO 7960 --- [restartedMain] o.s.web.context.ContextLoader            : Root WebApplicationContext: initialization completed in 6175 ms
2022-08-28 21:01:27.150  INFO 7960 --- [restartedMain] o.f.c.internal.license.VersionPrinter    : Flyway Community Edition 5.2.4 by Boxfuse
2022-08-28 21:01:27.172  INFO 7960 --- [restartedMain] com.zaxxer.hikari.HikariDataSource       : HikariPool-1 - Starting...
2022-08-28 21:01:28.486  INFO 7960 --- [restartedMain] com.zaxxer.hikari.HikariDataSource       : HikariPool-1 - Start completed.
2022-08-28 21:01:28.495  INFO 7960 --- [restartedMain] o.f.c.internal.database.DatabaseFactory  : Database: jdbc:postgresql://localhost:5432/ (PostgreSQL 14.1)
2022-08-28 21:01:28.520  WARN 7960 --- [restartedMain] o.f.c.internal.database.base.Database    : Flyway upgrade recommended: PostgreSQL 14.1 is newer than this version of Flyway and support has not been tested.
2022-08-28 21:01:28.767  INFO 7960 --- [restartedMain] o.f.core.internal.command.DbValidate     : Successfully validated 7 migrations (execution time 00:00.129s)
2022-08-28 21:01:28.867  INFO 7960 --- [restartedMain] o.f.core.internal.command.DbMigrate      : Current version of schema "public": 1.5
2022-08-28 21:01:28.870  INFO 7960 --- [restartedMain] o.f.core.internal.command.DbMigrate      : Schema "public" is up to date. No migration necessary.
2022-08-28 21:01:29.851  INFO 7960 --- [restartedMain] o.hibernate.jpa.internal.util.LogHelper  : HHH000204: Processing PersistenceUnitInfo [
	name: default
	...]
2022-08-28 21:01:30.099  INFO 7960 --- [restartedMain] org.hibernate.Version                    : HHH000412: Hibernate Core {5.3.7.Final}
2022-08-28 21:01:30.144  INFO 7960 --- [restartedMain] org.hibernate.cfg.Environment            : HHH000206: hibernate.properties not found
2022-08-28 21:01:30.540  INFO 7960 --- [restartedMain] o.hibernate.annotations.common.Version   : HCANN000001: Hibernate Commons Annotations {5.0.4.Final}
2022-08-28 21:01:31.617  INFO 7960 --- [restartedMain] org.hibernate.dialect.Dialect            : HHH000400: Using dialect: org.hibernate.dialect.PostgreSQL81Dialect
2022-08-28 21:01:31.962  INFO 7960 --- [restartedMain] o.h.e.j.e.i.LobCreatorBuilderImpl        : HHH000421: Disabling contextual LOB creation as hibernate.jdbc.lob.non_contextual_creation is true
2022-08-28 21:01:33.710  INFO 7960 --- [restartedMain] j.LocalContainerEntityManagerFactoryBean : Initialized JPA EntityManagerFactory for persistence unit 'default'
2022-08-28 21:01:35.568  INFO 7960 --- [restartedMain] o.s.s.web.DefaultSecurityFilterChain     : Creating filter chain: any request, [org.springframework.security.web.context.request.async.WebAsyncManagerIntegrationFilter@135c6f2b, org.springframework.security.web.context.SecurityContextPersistenceFilter@33a5d8e9, org.springframework.security.web.header.HeaderWriterFilter@62b2efdb, org.springframework.security.web.authentication.logout.LogoutFilter@e4a3bde, org.springframework.security.web.authentication.UsernamePasswordAuthenticationFilter@2228c7db, org.springframework.security.web.savedrequest.RequestCacheAwareFilter@5072a69f, org.springframework.security.web.servletapi.SecurityContextHolderAwareRequestFilter@41ca3b98, org.springframework.security.web.authentication.AnonymousAuthenticationFilter@40007d5b, org.springframework.security.web.session.SessionManagementFilter@16674384, org.springframework.security.web.access.ExceptionTranslationFilter@c971935, org.springframework.security.web.access.intercept.FilterSecurityInterceptor@6dade53f]
2022-08-28 21:01:36.097  INFO 7960 --- [restartedMain] o.s.s.concurrent.ThreadPoolTaskExecutor  : Initializing ExecutorService 'applicationTaskExecutor'
2022-08-28 21:01:36.181  WARN 7960 --- [restartedMain] aWebConfiguration$JpaWebMvcConfiguration : spring.jpa.open-in-view is enabled by default. Therefore, database queries may be performed during view rendering. Explicitly configure spring.jpa.open-in-view to disable this warning
2022-08-28 21:01:37.055  INFO 7960 --- [restartedMain] o.s.b.d.a.OptionalLiveReloadServer       : LiveReload server is running on port 35729
2022-08-28 21:01:37.368  INFO 7960 --- [restartedMain] o.s.b.w.embedded.tomcat.TomcatWebServer  : Tomcat started on port(s): 8080 (http) with context path ''
2022-08-28 21:01:37.395  INFO 7960 --- [restartedMain] com.app.bank_acquiring.MainApplication   : Started MainApplication in 18.944 seconds (JVM running for 20.226)
2022-08-28 21:01:42.986  INFO 7960 --- [http-nio-8080-exec-1] o.a.c.c.C.[Tomcat].[localhost].[/]       : Initializing Spring DispatcherServlet 'dispatcherServlet'
2022-08-28 21:01:43.004  INFO 7960 --- [http-nio-8080-exec-1] o.s.web.servlet.DispatcherServlet        : Initializing Servlet 'dispatcherServlet'
2022-08-28 21:01:43.039  INFO 7960 --- [http-nio-8080-exec-1] o.s.web.servlet.DispatcherServlet        : Completed initialization in 34 ms
2022-08-28 21:01:44.199  WARN 7960 --- [http-nio-8080-exec-2] o.a.c.util.SessionIdGeneratorBase        : Creation of SecureRandom instance for session ID generation using [SHA1PRNG] took [651] milliseconds.
2022-08-28 21:01:52.480  INFO 7960 --- [http-nio-8080-exec-3] o.h.h.i.QueryTranslatorFactoryInitiator  : HHH000397: Using ASTQueryTranslatorFactory
2022-08-28 21:02:17.482 ERROR 7960 --- [http-nio-8080-exec-1] c.a.bank_acquiring.service.UposService   : Error while creating user UPOS: File system element for parameter 'source' does not exist: '\upos_base'
2022-08-28 21:02:17.492 ERROR 7960 --- [http-nio-8080-exec-1] c.a.b.service.TerminalService            : UPOS not created for the account(id 132)
2022-08-28 21:11:17.576  INFO 8560 --- [restartedMain] com.app.bank_acquiring.MainApplication   : Starting MainApplication on DESKTOP-NO7MV1T with PID 8560 (started by pablo in C:\Users\pablo\IdeaProjects\Bank API)
2022-08-28 21:11:17.581  INFO 8560 --- [restartedMain] com.app.bank_acquiring.MainApplication   : No active profile set, falling back to default profiles: default
2022-08-28 21:11:17.755  INFO 8560 --- [restartedMain] .e.DevToolsPropertyDefaultsPostProcessor : Devtools property defaults active! Set 'spring.devtools.add-properties' to 'false' to disable
2022-08-28 21:11:17.756  INFO 8560 --- [restartedMain] .e.DevToolsPropertyDefaultsPostProcessor : For additional web related logging consider setting the 'logging.level.web' property to 'DEBUG'
2022-08-28 21:11:20.784  INFO 8560 --- [restartedMain] .s.d.r.c.RepositoryConfigurationDelegate : Bootstrapping Spring Data repositories in DEFAULT mode.
2022-08-28 21:11:20.965  INFO 8560 --- [restartedMain] .s.d.r.c.RepositoryConfigurationDelegate : Finished Spring Data repository scanning in 169ms. Found 7 repository interfaces.
2022-08-28 21:11:22.187  INFO 8560 --- [restartedMain] trationDelegate$BeanPostProcessorChecker : Bean 'org.springframework.transaction.annotation.ProxyTransactionManagementConfiguration' of type [org.springframework.transaction.annotation.ProxyTransactionManagementConfiguration$$EnhancerBySpringCGLIB$$64816f82] is not eligible for getting processed by all BeanPostProcessors (for example: not eligible for auto-proxying)
2022-08-28 21:11:23.577  INFO 8560 --- [restartedMain] o.s.b.w.embedded.tomcat.TomcatWebServer  : Tomcat initialized with port(s): 8080 (http)
2022-08-28 21:11:23.640  INFO 8560 --- [restartedMain] o.apache.catalina.core.StandardService   : Starting service [Tomcat]
2022-08-28 21:11:23.643  INFO 8560 --- [restartedMain] org.apache.catalina.core.StandardEngine  : Starting Servlet engine: [Apache Tomcat/9.0.16]
2022-08-28 21:11:23.663  INFO 8560 --- [restartedMain] o.a.catalina.core.AprLifecycleListener   : The APR based Apache Tomcat Native library which allows optimal performance in production environments was not found on the java.library.path: [C:\Program Files\Java\jdk-17.0.1\bin;C:\Windows\Sun\Java\bin;C:\Windows\system32;C:\Windows;C:\Program Files\Common Files\Oracle\Java\javapath;C:\Windows\system32;C:\Windows;C:\Windows\System32\Wbem;C:\Windows\System32\WindowsPowerShell\v1.0\;C:\Windows\System32\OpenSSH\;C:\Program Files\Java\jdk-17.0.1\bin;C:\Program Files\Git\cmd;C:\Program Files\apache-maven-3.8.4\bin\;C:\Program Files\Microsoft Visual Studio\2022\Community\VC\Tools\MSVC\14.29.30133\bin\HostX64\x64\;;C:\Program Files\Docker\Docker\resources\bin;C:\ProgramData\DockerDesktop\version-bin;C:\Program Files\Common Files\Oracle\Java\javapath;C:\Windows\system32;C:\Windows;C:\Windows\System32\Wbem;C:\Windows\System32\WindowsPowerShell\v1.0\;C:\Windows\System32\OpenSSH\;C:\Program Files\Java\jdk-17.0.1\bin;C:\Program Files\Git\cmd;C:\Program Files\apache-maven-3.8.4\bin\;C:\Program Files\Microsoft Visual Studio\2022\Community\VC\Tools\MSVC\14.29.30133\bin\HostX64\x64\;;C:\Program Files\Docker\Docker\resources\bin;C:\ProgramData\DockerDesktop\version-bin;C:\Users\pablo\AppData\Local\Microsoft\WindowsApps;D:\Program Files\mongosh\;D:\Program Files\heroku\bin;C:\Program Files\heroku\bin;C:\Program Files\cses-cli;C:\Program Files\cses-cli;.]
2022-08-28 21:11:24.088  INFO 8560 --- [restartedMain] o.a.c.c.C.[Tomcat].[localhost].[/]       : Initializing Spring embedded WebApplicationContext
2022-08-28 21:11:24.090  INFO 8560 --- [restartedMain] o.s.web.context.ContextLoader            : Root WebApplicationContext: initialization completed in 6333 ms
2022-08-28 21:11:24.408  INFO 8560 --- [restartedMain] o.f.c.internal.license.VersionPrinter    : Flyway Community Edition 5.2.4 by Boxfuse
2022-08-28 21:11:24.432  INFO 8560 --- [restartedMain] com.zaxxer.hikari.HikariDataSource       : HikariPool-1 - Starting...
2022-08-28 21:11:24.904  INFO 8560 --- [restartedMain] com.zaxxer.hikari.HikariDataSource       : HikariPool-1 - Start completed.
2022-08-28 21:11:24.913  INFO 8560 --- [restartedMain] o.f.c.internal.database.DatabaseFactory  : Database: jdbc:postgresql://localhost:5432/ (PostgreSQL 14.1)
2022-08-28 21:11:24.932  WARN 8560 --- [restartedMain] o.f.c.internal.database.base.Database    : Flyway upgrade recommended: PostgreSQL 14.1 is newer than this version of Flyway and support has not been tested.
2022-08-28 21:11:25.154  INFO 8560 --- [restartedMain] o.f.core.internal.command.DbValidate     : Successfully validated 7 migrations (execution time 00:00.089s)
2022-08-28 21:11:25.177  INFO 8560 --- [restartedMain] o.f.core.internal.command.DbMigrate      : Current version of schema "public": 1.5
2022-08-28 21:11:25.180  INFO 8560 --- [restartedMain] o.f.core.internal.command.DbMigrate      : Schema "public" is up to date. No migration necessary.
2022-08-28 21:11:25.477  INFO 8560 --- [restartedMain] o.hibernate.jpa.internal.util.LogHelper  : HHH000204: Processing PersistenceUnitInfo [
	name: default
	...]
2022-08-28 21:11:25.814  INFO 8560 --- [restartedMain] org.hibernate.Version                    : HHH000412: Hibernate Core {5.3.7.Final}
2022-08-28 21:11:25.818  INFO 8560 --- [restartedMain] org.hibernate.cfg.Environment            : HHH000206: hibernate.properties not found
2022-08-28 21:11:26.567  INFO 8560 --- [restartedMain] o.hibernate.annotations.common.Version   : HCANN000001: Hibernate Commons Annotations {5.0.4.Final}
2022-08-28 21:11:27.013  INFO 8560 --- [restartedMain] org.hibernate.dialect.Dialect            : HHH000400: Using dialect: org.hibernate.dialect.PostgreSQL81Dialect
2022-08-28 21:11:27.688  INFO 8560 --- [restartedMain] o.h.e.j.e.i.LobCreatorBuilderImpl        : HHH000421: Disabling contextual LOB creation as hibernate.jdbc.lob.non_contextual_creation is true
2022-08-28 21:11:29.875  INFO 8560 --- [restartedMain] j.LocalContainerEntityManagerFactoryBean : Initialized JPA EntityManagerFactory for persistence unit 'default'
2022-08-28 21:11:33.253  INFO 8560 --- [restartedMain] o.s.s.web.DefaultSecurityFilterChain     : Creating filter chain: any request, [org.springframework.security.web.context.request.async.WebAsyncManagerIntegrationFilter@6b524180, org.springframework.security.web.context.SecurityContextPersistenceFilter@4f88cf4d, org.springframework.security.web.header.HeaderWriterFilter@657d0155, org.springframework.security.web.authentication.logout.LogoutFilter@6bf95c49, org.springframework.security.web.authentication.UsernamePasswordAuthenticationFilter@176c1e2e, org.springframework.security.web.savedrequest.RequestCacheAwareFilter@2e60251, org.springframework.security.web.servletapi.SecurityContextHolderAwareRequestFilter@44cfe943, org.springframework.security.web.authentication.AnonymousAuthenticationFilter@3f3e9a23, org.springframework.security.web.session.SessionManagementFilter@1f5800aa, org.springframework.security.web.access.ExceptionTranslationFilter@4a82eba5, org.springframework.security.web.access.intercept.FilterSecurityInterceptor@2bcc3080]
2022-08-28 21:11:33.626  INFO 8560 --- [restartedMain] o.s.s.concurrent.ThreadPoolTaskExecutor  : Initializing ExecutorService 'applicationTaskExecutor'
2022-08-28 21:11:33.758  WARN 8560 --- [restartedMain] aWebConfiguration$JpaWebMvcConfiguration : spring.jpa.open-in-view is enabled by default. Therefore, database queries may be performed during view rendering. Explicitly configure spring.jpa.open-in-view to disable this warning
2022-08-28 21:11:35.259  INFO 8560 --- [restartedMain] o.s.b.d.a.OptionalLiveReloadServer       : LiveReload server is running on port 35729
2022-08-28 21:11:35.477  INFO 8560 --- [restartedMain] o.s.b.w.embedded.tomcat.TomcatWebServer  : Tomcat started on port(s): 8080 (http) with context path ''
2022-08-28 21:11:35.494  INFO 8560 --- [restartedMain] com.app.bank_acquiring.MainApplication   : Started MainApplication in 19.218 seconds (JVM running for 20.356)
2022-08-28 21:11:44.114  INFO 8560 --- [http-nio-8080-exec-1] o.a.c.c.C.[Tomcat].[localhost].[/]       : Initializing Spring DispatcherServlet 'dispatcherServlet'
2022-08-28 21:11:44.115  INFO 8560 --- [http-nio-8080-exec-1] o.s.web.servlet.DispatcherServlet        : Initializing Servlet 'dispatcherServlet'
2022-08-28 21:11:44.134  INFO 8560 --- [http-nio-8080-exec-1] o.s.web.servlet.DispatcherServlet        : Completed initialization in 18 ms
2022-08-28 21:11:52.512  INFO 8560 --- [http-nio-8080-exec-7] o.h.h.i.QueryTranslatorFactoryInitiator  : HHH000397: Using ASTQueryTranslatorFactory
